<?xml version="1.0" encoding="UTF-8"?>
<!-- Generated by org.testng.reporters.JUnitReportReporter -->
<testsuite hostname="LAPTOP-H1F8OK4J" failures="0" tests="3" name="testRunner.Runner" time="21.190" errors="0" timestamp="2024-10-23T06:19:46 EDT" skipped="0">
  <testcase classname="testRunner.Runner" name="runScenario" time="10.834"/>
  <system-out/>
  <testcase classname="testRunner.Runner" name="runScenario" time="5.893"/>
  <system-out/>
  <testcase classname="testRunner.Runner" name="runScenario" time="4.463"/>
  <system-out/>
</testsuite> <!-- testRunner.Runner -->
