<?xml version="1.0" encoding="UTF-8"?>
<!-- Generated by org.testng.reporters.JUnitReportReporter -->
<testsuite hostname="LAPTOP-H1F8OK4J" failures="0" tests="3" name="testRunner.Runner" time="26.736" errors="0" timestamp="2024-10-30T05:48:08 EDT" skipped="0">
  <testcase classname="testRunner.Runner" name="runScenario" time="12.322"/>
  <system-out/>
  <testcase classname="testRunner.Runner" name="runScenario" time="6.812"/>
  <system-out/>
  <testcase classname="testRunner.Runner" name="runScenario" time="7.602"/>
  <system-out/>
</testsuite> <!-- testRunner.Runner -->
